<?xml version="1.0" encoding="UTF-8"?>
<!-- Generated by org.testng.reporters.JUnitReportReporter -->
<testsuite hostname="DESKTOP-7L49SOM" failures="0" tests="1" name="com.crm.qa.testcases.DealsPageTest" time="10.015" errors="0" timestamp="2021-11-12T01:24:45 EST" skipped="0">
  <testcase classname="com.crm.qa.testcases.DealsPageTest" name="verifyNewDealsCreated" time="10.015"/>
  <system-out/>
</testsuite> <!-- com.crm.qa.testcases.DealsPageTest -->
