<?xml version="1.0" encoding="UTF-8"?>
<!-- Generated by org.testng.reporters.JUnitReportReporter -->
<testsuite hostname="DESKTOP-7L49SOM" failures="0" tests="3" name="com.crm.qa.testcases.LoginPageTest" time="14.450" errors="0" timestamp="2021-11-11T23:43:46 EST" skipped="0">
  <testcase classname="com.crm.qa.testcases.LoginPageTest" name="LoginPageTitleTest" time="3.363"/>
  <system-out/>
  <testcase classname="com.crm.qa.testcases.LoginPageTest" name="crmLogoImageTest" time="4.105"/>
  <system-out/>
  <testcase classname="com.crm.qa.testcases.LoginPageTest" name="LoginTest" time="6.982"/>
  <system-out/>
</testsuite> <!-- com.crm.qa.testcases.LoginPageTest -->
