<?xml version="1.0" encoding="UTF-8"?>
<!-- Generated by org.testng.reporters.JUnitReportReporter -->
<testsuite hostname="DESKTOP-7L49SOM" failures="0" tests="3" name="com.crm.qa.testcases.LoginPageTest" time="14.494" errors="0" timestamp="2021-10-15T14:53:43 EDT" skipped="0">
  <testcase classname="com.crm.qa.testcases.LoginPageTest" name="LoginPageTitleTest" time="3.726"/>
  <system-out/>
  <testcase classname="com.crm.qa.testcases.LoginPageTest" name="crmLogoImageTest" time="4.297"/>
  <system-out/>
  <testcase classname="com.crm.qa.testcases.LoginPageTest" name="LoginTest" time="6.471"/>
  <system-out/>
</testsuite> <!-- com.crm.qa.testcases.LoginPageTest -->
