<?xml version="1.0" encoding="UTF-8"?>
<!-- Generated by org.testng.reporters.JUnitReportReporter -->
<testsuite hostname="DESKTOP-7L49SOM" failures="0" tests="1" name="com.crm.qa.testcases.CreatedContactPageTest" time="9.909" errors="0" timestamp="2021-10-08T22:01:02 EDT" skipped="0">
  <testcase classname="com.crm.qa.testcases.CreatedContactPageTest" name="verifyNewContact" time="9.909"/>
  <system-out/>
</testsuite> <!-- com.crm.qa.testcases.CreatedContactPageTest -->
